[debug] [2024-09-03T11:23:19.887Z] ----------------------------------------------------------------------
[debug] [2024-09-03T11:23:19.894Z] Command:       C:\Program Files\nodejs\node.exe C:\Users\Administrator\AppData\Roaming\npm\node_modules\firebase-tools\lib\bin\firebase.js init
[debug] [2024-09-03T11:23:19.895Z] CLI Version:   13.16.0
[debug] [2024-09-03T11:23:19.895Z] Platform:      win32
[debug] [2024-09-03T11:23:19.896Z] Node Version:  v20.17.0
[debug] [2024-09-03T11:23:19.896Z] Time:          Tue Sep 03 2024 16:23:19 GMT+0500 (Pakistan Standard Time)
[debug] [2024-09-03T11:23:19.896Z] ----------------------------------------------------------------------
[debug] 
[debug] [2024-09-03T11:23:19.908Z] >>> [apiv2][query] GET https://firebase-public.firebaseio.com/cli.json [none]
[debug] [2024-09-03T11:23:20.030Z] > command requires scopes: ["email","openid","https://www.googleapis.com/auth/cloudplatformprojects.readonly","https://www.googleapis.com/auth/firebase","https://www.googleapis.com/auth/cloud-platform"]
[debug] [2024-09-03T11:23:20.031Z] > authorizing via signed-in user (umerh1209@gmail.com)
[info] 
     ######## #### ########  ######## ########     ###     ######  ########
     ##        ##  ##     ## ##       ##     ##  ##   ##  ##       ##
     ######    ##  ########  ######   ########  #########  ######  ######
     ##        ##  ##    ##  ##       ##     ## ##     ##       ## ##
     ##       #### ##     ## ######## ########  ##     ##  ######  ########

You're about to initialize a Firebase project in this directory:

  D:\ForntEND-learning\Practice_AIO\Backroads-project\final

[debug] [2024-09-03T11:23:20.558Z] <<< [apiv2][status] GET https://firebase-public.firebaseio.com/cli.json 200
[debug] [2024-09-03T11:23:20.559Z] <<< [apiv2][body] GET https://firebase-public.firebaseio.com/cli.json {"cloudBuildErrorAfter":1594252800000,"cloudBuildWarnAfter":1590019200000,"defaultNode10After":1594252800000,"minVersion":"3.0.5","node8DeploysDisabledAfter":1613390400000,"node8RuntimeDisabledAfter":1615809600000,"node8WarnAfter":1600128000000}
[info] 
=== Project Setup
[info] 
[info] First, let's associate this project directory with a Firebase project.
[info] You can create multiple project aliases by running firebase use --add, 
[info] but for now we'll just set up a default project.
[info] 
[debug] [2024-09-03T11:23:31.087Z] > refreshing access token with scopes: []
[debug] [2024-09-03T11:23:31.089Z] >>> [apiv2][query] POST https://www.googleapis.com/oauth2/v3/token [none]
[debug] [2024-09-03T11:23:31.089Z] >>> [apiv2][body] POST https://www.googleapis.com/oauth2/v3/token [omitted]
[debug] [2024-09-03T11:23:31.580Z] <<< [apiv2][status] POST https://www.googleapis.com/oauth2/v3/token 200
[debug] [2024-09-03T11:23:31.580Z] <<< [apiv2][body] POST https://www.googleapis.com/oauth2/v3/token [omitted]
[debug] [2024-09-03T11:23:31.600Z] >>> [apiv2][query] GET https://firebase.googleapis.com/v1beta1/projects pageSize=100
[debug] [2024-09-03T11:23:32.378Z] <<< [apiv2][status] GET https://firebase.googleapis.com/v1beta1/projects 200
[debug] [2024-09-03T11:23:32.379Z] <<< [apiv2][body] GET https://firebase.googleapis.com/v1beta1/projects [omitted]
[info] i  Using project backroads-85c1c (Backroads) 
[info] 
=== Hosting Setup
[debug] [2024-09-03T11:23:38.001Z] >>> [apiv2][query] GET https://firebase.googleapis.com/v1beta1/projects/backroads-85c1c [none]
[debug] [2024-09-03T11:23:38.572Z] <<< [apiv2][status] GET https://firebase.googleapis.com/v1beta1/projects/backroads-85c1c 200
[debug] [2024-09-03T11:23:38.573Z] <<< [apiv2][body] GET https://firebase.googleapis.com/v1beta1/projects/backroads-85c1c {"projectId":"backroads-85c1c","projectNumber":"1042975696720","displayName":"Backroads","name":"projects/backroads-85c1c","resources":{"hostingSite":"backroads-85c1c"},"state":"ACTIVE","etag":"1_2ad12a15-2f92-4e75-9d12-5fa5eb8da05f"}
[info] 
[info] Your public directory is the folder (relative to your project directory) that
[info] will contain Hosting assets to be uploaded with firebase deploy. If you
[info] have a build process for your assets, use your build's output directory.
[info] 
